Running from: /usr/share/jenkins/jenkins.war
2022-09-20 11:36:02.238+0000 [id=1]	INFO	winstone.Logger#logInternal: Beginning extraction from war file
2022-09-20 11:36:03.662+0000 [id=1]	WARNING	o.e.j.s.handler.ContextHandler#setContextPath: Empty contextPath
2022-09-20 11:36:03.717+0000 [id=1]	INFO	org.eclipse.jetty.server.Server#doStart: jetty-10.0.11; built: 2022-06-21T21:12:44.640Z; git: d988aa016e0bb2de6fba84c1659049c72eae3e32; jvm 11.0.16.1+1
2022-09-20 11:36:04.031+0000 [id=1]	INFO	o.e.j.w.StandardDescriptorProcessor#visitServlet: NO JSP Support for /, did not find org.eclipse.jetty.jsp.JettyJspServlet
2022-09-20 11:36:04.100+0000 [id=1]	INFO	o.e.j.s.s.DefaultSessionIdManager#doStart: Session workerName=node0
2022-09-20 11:36:04.599+0000 [id=1]	INFO	hudson.WebAppMain#contextInitialized: Jenkins home directory: /var/jenkins_home found at: EnvVars.masterEnvVars.get("JENKINS_HOME")
2022-09-20 11:36:04.799+0000 [id=1]	INFO	o.e.j.s.handler.ContextHandler#doStart: Started w.@3e17a0a1{Jenkins v2.361.1,/,file:///var/jenkins_cache/war/,AVAILABLE}{/var/jenkins_cache/war}
2022-09-20 11:36:04.812+0000 [id=1]	INFO	o.e.j.server.AbstractConnector#doStart: Started ServerConnector@2e61d218{HTTP/1.1, (http/1.1)}{0.0.0.0:8080}
2022-09-20 11:36:04.827+0000 [id=1]	INFO	org.eclipse.jetty.server.Server#doStart: Started Server@7fe7c640{STARTING}[10.0.11,sto=0] @3266ms
2022-09-20 11:36:04.831+0000 [id=23]	INFO	winstone.Logger#logInternal: Winstone Servlet Engine running: controlPort=disabled
2022-09-20 11:36:05.128+0000 [id=30]	INFO	jenkins.InitReactorRunner$1#onAttained: Started initialization
2022-09-20 11:36:05.340+0000 [id=30]	INFO	hudson.PluginManager#considerDetachedPlugin: Loading a detached plugin as a dependency: /var/jenkins_home/plugins/javax-mail-api.jpi
2022-09-20 11:36:05.458+0000 [id=30]	INFO	hudson.PluginManager#considerDetachedPlugin: Loading a detached plugin as a dependency: /var/jenkins_home/plugins/sshd.jpi
2022-09-20 11:36:05.957+0000 [id=31]	INFO	hudson.PluginManager#considerDetachedPlugin: Loading a detached plugin as a dependency: /var/jenkins_home/plugins/command-launcher.jpi
2022-09-20 11:36:05.965+0000 [id=31]	INFO	hudson.PluginManager#considerDetachedPlugin: Loading a detached plugin as a dependency: /var/jenkins_home/plugins/jdk-tool.jpi
2022-09-20 11:36:06.637+0000 [id=14]	WARNING	h.i.i.InstallUncaughtExceptionHandler#handleException: Caught unhandled exception with ID b932e9fb-805b-4c62-8d0d-e77427eb41b0
java.lang.AssertionError: class hudson.security.csrf.DefaultCrumbIssuer is missing its descriptor
	at jenkins.model.Jenkins.getDescriptorOrDie(Jenkins.java:1633)
	at hudson.security.csrf.CrumbIssuer.getDescriptor(CrumbIssuer.java:141)
	at hudson.security.csrf.CrumbFilter.doFilter(CrumbFilter.java:132)
	at org.eclipse.jetty.servlet.FilterHolder.doFilter(FilterHolder.java:202)
	at org.eclipse.jetty.servlet.ServletHandler$Chain.doFilter(ServletHandler.java:1635)
	at hudson.security.HudsonFilter.doFilter(HudsonFilter.java:170)
	at org.eclipse.jetty.servlet.FilterHolder.doFilter(FilterHolder.java:202)
	at org.eclipse.jetty.servlet.ServletHandler$Chain.doFilter(ServletHandler.java:1635)
	at org.kohsuke.stapler.compression.CompressionFilter.doFilter(CompressionFilter.java:53)
	at org.eclipse.jetty.servlet.FilterHolder.doFilter(FilterHolder.java:202)
	at org.eclipse.jetty.servlet.ServletHandler$Chain.doFilter(ServletHandler.java:1635)
	at hudson.util.CharacterEncodingFilter.doFilter(CharacterEncodingFilter.java:86)
	at org.eclipse.jetty.servlet.FilterHolder.doFilter(FilterHolder.java:202)
	at org.eclipse.jetty.servlet.ServletHandler$Chain.doFilter(ServletHandler.java:1635)
	at org.kohsuke.stapler.DiagnosticThreadNameFilter.doFilter(DiagnosticThreadNameFilter.java:30)
	at org.eclipse.jetty.servlet.FilterHolder.doFilter(FilterHolder.java:202)
	at org.eclipse.jetty.servlet.ServletHandler$Chain.doFilter(ServletHandler.java:1635)
	at jenkins.security.SuspiciousRequestFilter.doFilter(SuspiciousRequestFilter.java:38)
	at org.eclipse.jetty.servlet.FilterHolder.doFilter(FilterHolder.java:202)
	at org.eclipse.jetty.servlet.ServletHandler$Chain.doFilter(ServletHandler.java:1635)
	at org.eclipse.jetty.servlet.ServletHandler.doHandle(ServletHandler.java:527)
	at org.eclipse.jetty.server.handler.ScopedHandler.handle(ScopedHandler.java:131)
	at org.eclipse.jetty.security.SecurityHandler.handle(SecurityHandler.java:549)
	at org.eclipse.jetty.server.handler.HandlerWrapper.handle(HandlerWrapper.java:122)
	at org.eclipse.jetty.server.handler.ScopedHandler.nextHandle(ScopedHandler.java:223)
	at org.eclipse.jetty.server.session.SessionHandler.doHandle(SessionHandler.java:1571)
	at org.eclipse.jetty.server.handler.ScopedHandler.nextHandle(ScopedHandler.java:221)
	at org.eclipse.jetty.server.handler.ContextHandler.doHandle(ContextHandler.java:1378)
	at org.eclipse.jetty.server.handler.ScopedHandler.nextScope(ScopedHandler.java:176)
	at org.eclipse.jetty.servlet.ServletHandler.doScope(ServletHandler.java:484)
	at org.eclipse.jetty.server.session.SessionHandler.doScope(SessionHandler.java:1544)
	at org.eclipse.jetty.server.handler.ScopedHandler.nextScope(ScopedHandler.java:174)
	at org.eclipse.jetty.server.handler.ContextHandler.doScope(ContextHandler.java:1300)
	at org.eclipse.jetty.server.handler.ScopedHandler.handle(ScopedHandler.java:129)
	at org.eclipse.jetty.server.handler.HandlerWrapper.handle(HandlerWrapper.java:122)
	at org.eclipse.jetty.server.Server.handle(Server.java:562)
	at org.eclipse.jetty.server.HttpChannel.lambda$handle$0(HttpChannel.java:505)
	at org.eclipse.jetty.server.HttpChannel.dispatch(HttpChannel.java:762)
	at org.eclipse.jetty.server.HttpChannel.handle(HttpChannel.java:497)
	at org.eclipse.jetty.server.HttpConnection.onFillable(HttpConnection.java:282)
	at org.eclipse.jetty.io.AbstractConnection$ReadCallback.succeeded(AbstractConnection.java:319)
	at org.eclipse.jetty.io.FillInterest.fillable(FillInterest.java:100)
	at org.eclipse.jetty.io.SelectableChannelEndPoint$1.run(SelectableChannelEndPoint.java:53)
	at org.eclipse.jetty.util.thread.QueuedThreadPool.runJob(QueuedThreadPool.java:894)
	at org.eclipse.jetty.util.thread.QueuedThreadPool$Runner.run(QueuedThreadPool.java:1038)
	at java.base/java.lang.Thread.run(Thread.java:829)
2022-09-20 11:36:07.389+0000 [id=14]	WARNING	o.e.jetty.server.HttpChannel#handleException: /reload-configuration-as-code/
org.apache.commons.jelly.JellyTagException: jar:file:/var/jenkins_cache/war/WEB-INF/lib/jenkins-core-2.361.1.jar!/lib/layout/view.jelly:42:20: <d:invokeBody> class hudson.security.csrf.DefaultCrumbIssuer is missing its descriptor
	at org.apache.commons.jelly.impl.TagScript.handleException(TagScript.java:738)
	at org.apache.commons.jelly.impl.TagScript.run(TagScript.java:285)
	at org.apache.commons.jelly.impl.ScriptBlock.run(ScriptBlock.java:95)
	at org.apache.commons.jelly.tags.core.CoreTagLibrary$2.run(CoreTagLibrary.java:105)
	at org.kohsuke.stapler.jelly.CallTagLibScript.run(CallTagLibScript.java:122)
	at org.apache.commons.jelly.impl.ScriptBlock.run(ScriptBlock.java:95)
	at org.apache.commons.jelly.tags.core.CoreTagLibrary$2.run(CoreTagLibrary.java:105)
	at org.kohsuke.stapler.jelly.CallTagLibScript.run(CallTagLibScript.java:122)
	at org.apache.commons.jelly.impl.ScriptBlock.run(ScriptBlock.java:95)
	at org.apache.commons.jelly.tags.core.CoreTagLibrary$2.run(CoreTagLibrary.java:105)
	at org.kohsuke.stapler.jelly.JellyViewScript.run(JellyViewScript.java:99)
	at org.kohsuke.stapler.jelly.DefaultScriptInvoker.invokeScript(DefaultScriptInvoker.java:66)
	at org.kohsuke.stapler.jelly.DefaultScriptInvoker.invokeScript(DefaultScriptInvoker.java:55)
	at org.kohsuke.stapler.jelly.ScriptInvoker.execute(ScriptInvoker.java:56)
	at org.kohsuke.stapler.jelly.ScriptInvoker.execute(ScriptInvoker.java:43)
	at org.kohsuke.stapler.Facet$1.dispatch(Facet.java:240)
	at org.kohsuke.stapler.Stapler.tryInvoke(Stapler.java:762)
	at org.kohsuke.stapler.Stapler.invoke(Stapler.java:894)
	at org.kohsuke.stapler.Stapler.invoke(Stapler.java:690)
	at hudson.init.impl.InstallUncaughtExceptionHandler.handleException(InstallUncaughtExceptionHandler.java:59)
	at hudson.init.impl.InstallUncaughtExceptionHandler.lambda$init$0(InstallUncaughtExceptionHandler.java:33)
	at org.kohsuke.stapler.compression.CompressionFilter.reportException(CompressionFilter.java:72)
	at org.kohsuke.stapler.compression.CompressionFilter.doFilter(CompressionFilter.java:56)
	at org.eclipse.jetty.servlet.FilterHolder.doFilter(FilterHolder.java:202)
	at org.eclipse.jetty.servlet.ServletHandler$Chain.doFilter(ServletHandler.java:1635)
	at hudson.util.CharacterEncodingFilter.doFilter(CharacterEncodingFilter.java:86)
	at org.eclipse.jetty.servlet.FilterHolder.doFilter(FilterHolder.java:202)
	at org.eclipse.jetty.servlet.ServletHandler$Chain.doFilter(ServletHandler.java:1635)
	at org.kohsuke.stapler.DiagnosticThreadNameFilter.doFilter(DiagnosticThreadNameFilter.java:30)
	at org.eclipse.jetty.servlet.FilterHolder.doFilter(FilterHolder.java:202)
	at org.eclipse.jetty.servlet.ServletHandler$Chain.doFilter(ServletHandler.java:1635)
	at jenkins.security.SuspiciousRequestFilter.doFilter(SuspiciousRequestFilter.java:38)
	at org.eclipse.jetty.servlet.FilterHolder.doFilter(FilterHolder.java:202)
	at org.eclipse.jetty.servlet.ServletHandler$Chain.doFilter(ServletHandler.java:1635)
	at org.eclipse.jetty.servlet.ServletHandler.doHandle(ServletHandler.java:527)
	at org.eclipse.jetty.server.handler.ScopedHandler.handle(ScopedHandler.java:131)
	at org.eclipse.jetty.security.SecurityHandler.handle(SecurityHandler.java:549)
	at org.eclipse.jetty.server.handler.HandlerWrapper.handle(HandlerWrapper.java:122)
	at org.eclipse.jetty.server.handler.ScopedHandler.nextHandle(ScopedHandler.java:223)
	at org.eclipse.jetty.server.session.SessionHandler.doHandle(SessionHandler.java:1571)
	at org.eclipse.jetty.server.handler.ScopedHandler.nextHandle(ScopedHandler.java:221)
	at org.eclipse.jetty.server.handler.ContextHandler.doHandle(ContextHandler.java:1378)
	at org.eclipse.jetty.server.handler.ScopedHandler.nextScope(ScopedHandler.java:176)
	at org.eclipse.jetty.servlet.ServletHandler.doScope(ServletHandler.java:484)
	at org.eclipse.jetty.server.session.SessionHandler.doScope(SessionHandler.java:1544)
	at org.eclipse.jetty.server.handler.ScopedHandler.nextScope(ScopedHandler.java:174)
	at org.eclipse.jetty.server.handler.ContextHandler.doScope(ContextHandler.java:1300)
	at org.eclipse.jetty.server.handler.ScopedHandler.handle(ScopedHandler.java:129)
	at org.eclipse.jetty.server.handler.HandlerWrapper.handle(HandlerWrapper.java:122)
	at org.eclipse.jetty.server.Server.handle(Server.java:562)
	at org.eclipse.jetty.server.HttpChannel.lambda$handle$0(HttpChannel.java:505)
	at org.eclipse.jetty.server.HttpChannel.dispatch(HttpChannel.java:762)
	at org.eclipse.jetty.server.HttpChannel.handle(HttpChannel.java:497)
	at org.eclipse.jetty.server.HttpConnection.onFillable(HttpConnection.java:282)
	at org.eclipse.jetty.io.AbstractConnection$ReadCallback.succeeded(AbstractConnection.java:319)
	at org.eclipse.jetty.io.FillInterest.fillable(FillInterest.java:100)
	at org.eclipse.jetty.io.SelectableChannelEndPoint$1.run(SelectableChannelEndPoint.java:53)
	at org.eclipse.jetty.util.thread.QueuedThreadPool.runJob(QueuedThreadPool.java:894)
	at org.eclipse.jetty.util.thread.QueuedThreadPool$Runner.run(QueuedThreadPool.java:1038)
	at java.base/java.lang.Thread.run(Thread.java:829)
Caused by: java.lang.AssertionError: class hudson.security.csrf.DefaultCrumbIssuer is missing its descriptor
	at jenkins.model.Jenkins.getDescriptorOrDie(Jenkins.java:1633)
	at hudson.security.csrf.CrumbIssuer.getDescriptor(CrumbIssuer.java:141)
	at hudson.Functions.getCrumbRequestField(Functions.java:1997)
	at java.base/jdk.internal.reflect.NativeMethodAccessorImpl.invoke0(Native Method)
	at java.base/jdk.internal.reflect.NativeMethodAccessorImpl.invoke(NativeMethodAccessorImpl.java:62)
	at java.base/jdk.internal.reflect.DelegatingMethodAccessorImpl.invoke(DelegatingMethodAccessorImpl.java:43)
	at java.base/java.lang.reflect.Method.invoke(Method.java:566)
	at org.apache.commons.jexl.util.introspection.UberspectImpl$VelMethodImpl.invoke(UberspectImpl.java:258)
	at org.apache.commons.jexl.parser.ASTMethod.execute(ASTMethod.java:104)
	at org.apache.commons.jexl.parser.ASTReference.execute(ASTReference.java:83)
	at org.apache.commons.jexl.parser.ASTReference.value(ASTReference.java:57)
	at org.apache.commons.jexl.parser.ASTReferenceExpression.value(ASTReferenceExpression.java:51)
	at org.apache.commons.jexl.ExpressionImpl.evaluate(ExpressionImpl.java:80)
	at hudson.ExpressionFactory2$JexlExpression.evaluate(ExpressionFactory2.java:76)
	at org.apache.commons.jelly.expression.ExpressionSupport.evaluateRecurse(ExpressionSupport.java:61)
	at org.apache.commons.jelly.expression.ExpressionSupport.evaluateAsString(ExpressionSupport.java:46)
	at org.kohsuke.stapler.jelly.ReallyStaticTagLibrary$1.buildAttributes(ReallyStaticTagLibrary.java:113)
	at org.kohsuke.stapler.jelly.ReallyStaticTagLibrary$1.run(ReallyStaticTagLibrary.java:97)
	at org.apache.commons.jelly.impl.ScriptBlock.run(ScriptBlock.java:95)
	at org.kohsuke.stapler.jelly.ReallyStaticTagLibrary$1.run(ReallyStaticTagLibrary.java:101)
	at org.apache.commons.jelly.impl.ScriptBlock.run(ScriptBlock.java:95)
	at org.kohsuke.stapler.jelly.CallTagLibScript$1.run(CallTagLibScript.java:101)
	at org.apache.commons.jelly.tags.define.InvokeBodyTag.doTag(InvokeBodyTag.java:91)
	at org.apache.commons.jelly.impl.TagScript.run(TagScript.java:265)
	... 58 more
Caused: javax.servlet.ServletException
	at org.kohsuke.stapler.Facet$1.dispatch(Facet.java:249)
	at org.kohsuke.stapler.Stapler.tryInvoke(Stapler.java:762)
	at org.kohsuke.stapler.Stapler.invoke(Stapler.java:894)
	at org.kohsuke.stapler.Stapler.invoke(Stapler.java:690)
	at hudson.init.impl.InstallUncaughtExceptionHandler.handleException(InstallUncaughtExceptionHandler.java:59)
	at hudson.init.impl.InstallUncaughtExceptionHandler.lambda$init$0(InstallUncaughtExceptionHandler.java:33)
	at org.kohsuke.stapler.compression.CompressionFilter.reportException(CompressionFilter.java:72)
	at org.kohsuke.stapler.compression.CompressionFilter.doFilter(CompressionFilter.java:56)
	at org.eclipse.jetty.servlet.FilterHolder.doFilter(FilterHolder.java:202)
	at org.eclipse.jetty.servlet.ServletHandler$Chain.doFilter(ServletHandler.java:1635)
	at hudson.util.CharacterEncodingFilter.doFilter(CharacterEncodingFilter.java:86)
	at org.eclipse.jetty.servlet.FilterHolder.doFilter(FilterHolder.java:202)
	at org.eclipse.jetty.servlet.ServletHandler$Chain.doFilter(ServletHandler.java:1635)
	at org.kohsuke.stapler.DiagnosticThreadNameFilter.doFilter(DiagnosticThreadNameFilter.java:30)
	at org.eclipse.jetty.servlet.FilterHolder.doFilter(FilterHolder.java:202)
	at org.eclipse.jetty.servlet.ServletHandler$Chain.doFilter(ServletHandler.java:1635)
	at jenkins.security.SuspiciousRequestFilter.doFilter(SuspiciousRequestFilter.java:38)
	at org.eclipse.jetty.servlet.FilterHolder.doFilter(FilterHolder.java:202)
	at org.eclipse.jetty.servlet.ServletHandler$Chain.doFilter(ServletHandler.java:1635)
	at org.eclipse.jetty.servlet.ServletHandler.doHandle(ServletHandler.java:527)
	at org.eclipse.jetty.server.handler.ScopedHandler.handle(ScopedHandler.java:131)
	at org.eclipse.jetty.security.SecurityHandler.handle(SecurityHandler.java:549)
	at org.eclipse.jetty.server.handler.HandlerWrapper.handle(HandlerWrapper.java:122)
	at org.eclipse.jetty.server.handler.ScopedHandler.nextHandle(ScopedHandler.java:223)
	at org.eclipse.jetty.server.session.SessionHandler.doHandle(SessionHandler.java:1571)
	at org.eclipse.jetty.server.handler.ScopedHandler.nextHandle(ScopedHandler.java:221)
	at org.eclipse.jetty.server.handler.ContextHandler.doHandle(ContextHandler.java:1378)
	at org.eclipse.jetty.server.handler.ScopedHandler.nextScope(ScopedHandler.java:176)
	at org.eclipse.jetty.servlet.ServletHandler.doScope(ServletHandler.java:484)
	at org.eclipse.jetty.server.session.SessionHandler.doScope(SessionHandler.java:1544)
	at org.eclipse.jetty.server.handler.ScopedHandler.nextScope(ScopedHandler.java:174)
	at org.eclipse.jetty.server.handler.ContextHandler.doScope(ContextHandler.java:1300)
	at org.eclipse.jetty.server.handler.ScopedHandler.handle(ScopedHandler.java:129)
	at org.eclipse.jetty.server.handler.HandlerWrapper.handle(HandlerWrapper.java:122)
	at org.eclipse.jetty.server.Server.handle(Server.java:562)
	at org.eclipse.jetty.server.HttpChannel.lambda$handle$0(HttpChannel.java:505)
	at org.eclipse.jetty.server.HttpChannel.dispatch(HttpChannel.java:762)
	at org.eclipse.jetty.server.HttpChannel.handle(HttpChannel.java:497)
	at org.eclipse.jetty.server.HttpConnection.onFillable(HttpConnection.java:282)
	at org.eclipse.jetty.io.AbstractConnection$ReadCallback.succeeded(AbstractConnection.java:319)
	at org.eclipse.jetty.io.FillInterest.fillable(FillInterest.java:100)
	at org.eclipse.jetty.io.SelectableChannelEndPoint$1.run(SelectableChannelEndPoint.java:53)
	at org.eclipse.jetty.util.thread.QueuedThreadPool.runJob(QueuedThreadPool.java:894)
	at org.eclipse.jetty.util.thread.QueuedThreadPool$Runner.run(QueuedThreadPool.java:1038)
	at java.base/java.lang.Thread.run(Thread.java:829)
2022-09-20 11:36:07.540+0000 [id=28]	INFO	jenkins.InitReactorRunner$1#onAttained: Listed all plugins
2022-09-20 11:36:10.592+0000 [id=31]	INFO	jenkins.InitReactorRunner$1#onAttained: Prepared all plugins
2022-09-20 11:36:10.697+0000 [id=29]	INFO	jenkins.InitReactorRunner$1#onAttained: Started all plugins
2022-09-20 11:36:10.723+0000 [id=30]	INFO	jenkins.InitReactorRunner$1#onAttained: Augmented all extensions
WARNING: An illegal reflective access operation has occurred
WARNING: Illegal reflective access by org.codehaus.groovy.vmplugin.v7.Java7$1 (file:/var/jenkins_cache/war/WEB-INF/lib/groovy-all-2.4.21.jar) to constructor java.lang.invoke.MethodHandles$Lookup(java.lang.Class,int)
WARNING: Please consider reporting this to the maintainers of org.codehaus.groovy.vmplugin.v7.Java7$1
WARNING: Use --illegal-access=warn to enable warnings of further illegal reflective access operations
WARNING: All illegal access operations will be denied in a future release
2022-09-20 11:36:12.914+0000 [id=29]	INFO	jenkins.InitReactorRunner$1#onAttained: System config loaded
2022-09-20 11:36:13.143+0000 [id=29]	WARNING	i.j.p.casc.BaseConfigurator#createAttribute: Can't handle class org.csanchez.jenkins.plugins.kubernetes.PodTemplate#listener: type is abstract but not Describable.
2022-09-20 11:36:13.736+0000 [id=29]	WARNING	i.j.p.casc.BaseConfigurator#createAttribute: Can't handle class org.csanchez.jenkins.plugins.kubernetes.PodTemplate#listener: type is abstract but not Describable.
2022-09-20 11:36:14.185+0000 [id=29]	INFO	jenkins.InitReactorRunner$1#onAttained: System config adapted
2022-09-20 11:36:14.185+0000 [id=28]	INFO	jenkins.InitReactorRunner$1#onAttained: Loaded all jobs
2022-09-20 11:36:14.198+0000 [id=29]	INFO	jenkins.InitReactorRunner$1#onAttained: Configuration for all jobs updated
2022-09-20 11:36:14.202+0000 [id=48]	INFO	hudson.model.AsyncPeriodicWork#lambda$doRun$1: Started Download metadata
2022-09-20 11:36:14.232+0000 [id=48]	INFO	hudson.util.Retrier#start: Attempt #1 to do the action check updates server
2022-09-20 11:36:14.238+0000 [id=31]	INFO	jenkins.InitReactorRunner$1#onAttained: Completed initialization
2022-09-20 11:36:14.287+0000 [id=22]	INFO	hudson.lifecycle.Lifecycle#onReady: Jenkins is fully up and running
2022-09-20 11:36:15.269+0000 [id=16]	INFO	i.j.p.casc.TokenReloadAction#doIndex: Configuration reload triggered via token
2022-09-20 11:36:15.285+0000 [id=16]	WARNING	i.j.p.casc.BaseConfigurator#createAttribute: Can't handle class org.csanchez.jenkins.plugins.kubernetes.PodTemplate#listener: type is abstract but not Describable.
2022-09-20 11:36:15.651+0000 [id=16]	WARNING	i.j.p.casc.BaseConfigurator#createAttribute: Can't handle class org.csanchez.jenkins.plugins.kubernetes.PodTemplate#listener: type is abstract but not Describable.
2022-09-20 11:36:45.333+0000 [id=48]	INFO	h.m.DownloadService$Downloadable#load: Obtained the updated data file for hudson.tasks.Maven.MavenInstaller
2022-09-20 11:36:46.509+0000 [id=48]	INFO	h.m.DownloadService$Downloadable#load: Obtained the updated data file for hudson.tools.JDKInstaller
2022-09-20 11:36:46.509+0000 [id=48]	INFO	hudson.util.Retrier#start: Performed the action check updates server successfully at the attempt #1
2022-09-20 11:36:46.512+0000 [id=48]	INFO	hudson.model.AsyncPeriodicWork#lambda$doRun$1: Finished Download metadata. 32,297 ms
2022-09-20 11:40:07.321+0000 [id=85]	INFO	hudson.model.AsyncPeriodicWork#lambda$doRun$1: Started Periodic background build discarder
2022-09-20 11:40:07.322+0000 [id=85]	INFO	hudson.model.AsyncPeriodicWork#lambda$doRun$1: Finished Periodic background build discarder. 0 ms
